<?xml version="1.0" encoding="UTF-8"?>
<!-- Generated by org.testng.reporters.JUnitReportReporter -->
<testsuite hostname="EC2AMAZ-S11DBRH" failures="0" tests="6" name="testScripts.PlaceOrderTest" time="0.952" errors="0" timestamp="2023-11-30T14:18:58 GMT" skipped="0">
  <testcase classname="testScripts.PlaceOrderTest" name="addItem" time="0.210"/>
  <system-out/>
  <testcase classname="testScripts.PlaceOrderTest" name="placeOrder" time="0.418"/>
  <system-out/>
  <testcase classname="testScripts.PlaceOrderTest" name="submitOrder" time="0.074"/>
  <system-out/>
  <testcase classname="testScripts.PlaceOrderTest" name="checkoutItems" time="0.074"/>
  <system-out/>
  <testcase classname="testScripts.PlaceOrderTest" name="tearDown" time="0.132"/>
  <system-out/>
  <testcase classname="testScripts.PlaceOrderTest" name="successMsg" time="0.044"/>
  <system-out/>
</testsuite> <!-- testScripts.PlaceOrderTest -->
